<?xml version="1.0" encoding="UTF-8"?>
<!-- Generated by org.testng.reporters.JUnitReportReporter -->
<testsuite skipped="0" hostname="LAPTOP-JI39TH39" name="com.leafBot.testcases.TC001_CreateLead" tests="2" failures="0" timestamp="08 Sep 2019 12:07:26 GMT" time="125.938" errors="0">
  <testcase name="TC002CreateLead" time="73.969" classname="com.leafBot.testcases.TC001_CreateLead"/>
  <testcase name="TC002CreateLead" time="51.969" classname="com.leafBot.testcases.TC001_CreateLead"/>
</testsuite> <!-- com.leafBot.testcases.TC001_CreateLead -->
